<?xml version="1.0" encoding="UTF-8"?>
<!-- Generated by org.testng.reporters.JUnitXMLReporter -->
<testsuite ignored="0" hostname="Akash" failures="1" tests="11" name="Different testng features test" time="12.661" errors="0" timestamp="2022-03-22T22:56:02 IST">
  <testcase classname="com.Demo.GroupsDemo" name="enterName" time="0.008"/>
  <testcase classname="com.Demo.GroupsDemo" name="abc" time="0.012"/>
  <testcase classname="com.Demo.DependsOnMethodsDemo" name="login" time="0.023"/>
  <testcase classname="com.Demo.GroupsDemo" name="test1" time="0.007"/>
  <testcase classname="com.Demo.GroupsDemo" name="homePage" time="0.014"/>
  <testcase classname="com.Demo.GroupsDemo" name="test2" time="0.008"/>
  <testcase classname="com.Demo.GroupsDemo" name="test3" time="0.002"/>
  <testcase classname="com.Demo.DependsOnMethodsDemo" name="homePage" time="0.002"/>
  <testcase classname="com.Demo.DependsOnMethodsDemo" name="registratioPage" time="0.004"/>
  <testcase classname="com.Demo.DependsOnMethodsDemo" name="selectCountry" time="0.001"/>
  <testcase classname="com.Demo.AssertionDemo" name="getTitle" time="0.03">
    <failure type="java.lang.AssertionError" message="title is not matched expected [abc] but found [Register]">
      <![CDATA[java.lang.AssertionError: title is not matched expected [abc] but found [Register]
at com.Demo.AssertionDemo.getTitle(AssertionDemo.java:36)
at java.base/java.util.concurrent.ThreadPoolExecutor.runWorker(ThreadPoolExecutor.java:1130)
at java.base/java.util.concurrent.ThreadPoolExecutor$Worker.run(ThreadPoolExecutor.java:630)
at java.base/java.lang.Thread.run(Thread.java:832)
... Removed 17 stack frames]]>
    </failure>
  </testcase> <!-- getTitle -->
</testsuite> <!-- Different testng features test -->
