<?xml version="1.0" encoding="UTF-8"?>
<!-- Generated by org.testng.reporters.JUnitXMLReporter -->
<testsuite ignored="0" hostname="Akash" failures="1" tests="21" name="Different testng features test" time="250.147" errors="0" timestamp="2022-03-20T14:28:15 IST">
  <testcase classname="com.Demo.AssertionDemo" name="getTitle" time="0.184">
    <failure type="java.lang.AssertionError" message="title is not matched expected [abc] but found [Register]">
      <![CDATA[java.lang.AssertionError: title is not matched expected [abc] but found [Register]
at com.Demo.AssertionDemo.getTitle(AssertionDemo.java:36)
at java.base/java.util.ArrayList.forEach(ArrayList.java:1511)
... Removed 32 stack frames]]>
    </failure>
  </testcase> <!-- getTitle -->
  <testcase classname="com.Demo.DependsOnMethodsDemo" name="login" time="0.003"/>
  <testcase classname="com.Demo.DependsOnMethodsDemo" name="homePage" time="0.004"/>
  <testcase classname="com.Demo.DependsOnMethodsDemo" name="registratioPage" time="0.004"/>
  <testcase classname="com.Demo.DependsOnMethodsDemo" name="selectCountry" time="0.004"/>
  <testcase classname="com.Demo.GroupsDemo" name="abc" time="0.004"/>
  <testcase classname="com.Demo.GroupsDemo" name="enterName" time="0.004"/>
  <testcase classname="com.Demo.GroupsDemo" name="homePage" time="0.004"/>
  <testcase classname="com.Demo.GroupsDemo" name="test1" time="0.004"/>
  <testcase classname="com.Demo.GroupsDemo" name="test2" time="0.002"/>
  <testcase classname="com.Demo.GroupsDemo" name="test3" time="0.007"/>
  <testcase classname="com.Demo.PriorityDemo" name="ABC" time="0.001"/>
  <testcase classname="com.Demo.PriorityDemo" name="Abc" time="0.002"/>
  <testcase classname="com.Demo.PriorityDemo" name="Test4" time="0.004"/>
  <testcase classname="com.Demo.PriorityDemo" name="abc" time="0.002"/>
  <testcase classname="com.Demo.PriorityDemo" name="test3" time="0.004"/>
  <testcase classname="com.Demo.PriorityDemo" name="Test1" time="0.002"/>
  <testcase classname="com.Demo.PriorityDemo" name="test1" time="0.002"/>
  <testcase classname="com.Demo.PriorityDemo" name="enterName" time="4.063"/>
  <testcase classname="com.Demo.PriorityDemo" name="getTitle" time="0.101"/>
  <testcase classname="com.Demo.PriorityDemo" name="test2" time="0.002"/>
</testsuite> <!-- Different testng features test -->
