<?xml version="1.0" encoding="UTF-8"?>
<!-- Generated by org.testng.reporters.JUnitXMLReporter -->
<testsuite ignored="1" hostname="Akash" failures="0" tests="3" name="ParallelTestcasesExecution" time="54.192" errors="0" timestamp="2022-03-26T14:57:20 IST">
  <testcase classname="com.Demo.ParallelDemo" name="test2" time="36.347"/>
  <testcase classname="com.Demo.ParallelDemo" name="test1" time="36.347"/>
  <testcase classname="com.Demo.ParallelDemo" name="test4" time="17.784"/>
  <testcase classname="com.Demo.ParallelDemo" name="test3" time="0.0">
    <ignored/>
  </testcase> <!-- test3 -->
</testsuite> <!-- ParallelTestcasesExecution -->
