<?xml version="1.0" encoding="UTF-8"?>
<testng-results ignored="0" total="9" passed="9" failed="0" skipped="0">
  <reporter-output>
  </reporter-output>
  <suite started-at="2022-03-20T18:52:49 IST" name="Default suite" finished-at="2022-03-20T18:52:49 IST" duration-ms="125">
    <groups>
    </groups>
    <test started-at="2022-03-20T18:52:49 IST" name="Default test" finished-at="2022-03-20T18:52:49 IST" duration-ms="125">
      <class name="com.Demo.DataProviderDemo">
        <test-method signature="test1(java.lang.String,java.lang.String)[pri:0, instance:com.Demo.DataProviderDemo@130161f7]" started-at="2022-03-20T18:52:49 IST" name="test1" data-provider="username" finished-at="2022-03-20T18:52:49 IST" duration-ms="11" status="PASS">
          <params>
            <param index="0">
              <value>
                <![CDATA[a]]>
              </value>
            </param>
            <param index="1">
              <value>
                <![CDATA[b]]>
              </value>
            </param>
          </params>
          <reporter-output>
          </reporter-output>
        </test-method> <!-- test1 -->
        <test-method signature="test1(java.lang.String,java.lang.String)[pri:0, instance:com.Demo.DataProviderDemo@130161f7]" started-at="2022-03-20T18:52:49 IST" name="test1" data-provider="username" finished-at="2022-03-20T18:52:49 IST" duration-ms="3" status="PASS">
          <params>
            <param index="0">
              <value>
                <![CDATA[c]]>
              </value>
            </param>
            <param index="1">
              <value>
                <![CDATA[d]]>
              </value>
            </param>
          </params>
          <reporter-output>
          </reporter-output>
        </test-method> <!-- test1 -->
        <test-method signature="test1(java.lang.String,java.lang.String)[pri:0, instance:com.Demo.DataProviderDemo@130161f7]" started-at="2022-03-20T18:52:49 IST" name="test1" data-provider="username" finished-at="2022-03-20T18:52:49 IST" duration-ms="3" status="PASS">
          <params>
            <param index="0">
              <value>
                <![CDATA[e]]>
              </value>
            </param>
            <param index="1">
              <value>
                <![CDATA[f]]>
              </value>
            </param>
          </params>
          <reporter-output>
          </reporter-output>
        </test-method> <!-- test1 -->
        <test-method signature="test2(java.lang.String,java.lang.String)[pri:0, instance:com.Demo.DataProviderDemo@130161f7]" started-at="2022-03-20T18:52:49 IST" name="test2" data-provider="b" finished-at="2022-03-20T18:52:49 IST" duration-ms="6" status="PASS">
          <params>
            <param index="0">
              <value>
                <![CDATA[p]]>
              </value>
            </param>
            <param index="1">
              <value>
                <![CDATA[q]]>
              </value>
            </param>
          </params>
          <reporter-output>
          </reporter-output>
        </test-method> <!-- test2 -->
        <test-method signature="test2(java.lang.String,java.lang.String)[pri:0, instance:com.Demo.DataProviderDemo@130161f7]" started-at="2022-03-20T18:52:49 IST" name="test2" data-provider="b" finished-at="2022-03-20T18:52:49 IST" duration-ms="3" status="PASS">
          <params>
            <param index="0">
              <value>
                <![CDATA[r]]>
              </value>
            </param>
            <param index="1">
              <value>
                <![CDATA[s]]>
              </value>
            </param>
          </params>
          <reporter-output>
          </reporter-output>
        </test-method> <!-- test2 -->
        <test-method signature="test2(java.lang.String,java.lang.String)[pri:0, instance:com.Demo.DataProviderDemo@130161f7]" started-at="2022-03-20T18:52:49 IST" name="test2" data-provider="b" finished-at="2022-03-20T18:52:49 IST" duration-ms="2" status="PASS">
          <params>
            <param index="0">
              <value>
                <![CDATA[t]]>
              </value>
            </param>
            <param index="1">
              <value>
                <![CDATA[u]]>
              </value>
            </param>
          </params>
          <reporter-output>
          </reporter-output>
        </test-method> <!-- test2 -->
        <test-method signature="test3(java.lang.String)[pri:0, instance:com.Demo.DataProviderDemo@130161f7]" started-at="2022-03-20T18:52:49 IST" name="test3" data-provider="c" finished-at="2022-03-20T18:52:49 IST" duration-ms="1" status="PASS">
          <params>
            <param index="0">
              <value>
                <![CDATA[x]]>
              </value>
            </param>
          </params>
          <reporter-output>
          </reporter-output>
        </test-method> <!-- test3 -->
        <test-method signature="test3(java.lang.String)[pri:0, instance:com.Demo.DataProviderDemo@130161f7]" started-at="2022-03-20T18:52:49 IST" name="test3" data-provider="c" finished-at="2022-03-20T18:52:49 IST" duration-ms="2" status="PASS">
          <params>
            <param index="0">
              <value>
                <![CDATA[y]]>
              </value>
            </param>
          </params>
          <reporter-output>
          </reporter-output>
        </test-method> <!-- test3 -->
        <test-method signature="test3(java.lang.String)[pri:0, instance:com.Demo.DataProviderDemo@130161f7]" started-at="2022-03-20T18:52:49 IST" name="test3" data-provider="c" finished-at="2022-03-20T18:52:49 IST" duration-ms="2" status="PASS">
          <params>
            <param index="0">
              <value>
                <![CDATA[z]]>
              </value>
            </param>
          </params>
          <reporter-output>
          </reporter-output>
        </test-method> <!-- test3 -->
      </class> <!-- com.Demo.DataProviderDemo -->
    </test> <!-- Default test -->
  </suite> <!-- Default suite -->
</testng-results>
