<?xml version="1.0" encoding="UTF-8"?>
<!-- Generated by org.testng.reporters.JUnitXMLReporter -->
<testsuite ignored="0" hostname="Akash" failures="0" tests="9" name="Default test" time="0.125" errors="0" timestamp="2022-03-20T18:52:49 IST">
  <testcase classname="com.Demo.DataProviderDemo" name="test1" time="0.011"/>
  <testcase classname="com.Demo.DataProviderDemo" name="test1" time="0.003"/>
  <testcase classname="com.Demo.DataProviderDemo" name="test1" time="0.003"/>
  <testcase classname="com.Demo.DataProviderDemo" name="test2" time="0.006"/>
  <testcase classname="com.Demo.DataProviderDemo" name="test2" time="0.003"/>
  <testcase classname="com.Demo.DataProviderDemo" name="test2" time="0.002"/>
  <testcase classname="com.Demo.DataProviderDemo" name="test3" time="0.001"/>
  <testcase classname="com.Demo.DataProviderDemo" name="test3" time="0.002"/>
  <testcase classname="com.Demo.DataProviderDemo" name="test3" time="0.002"/>
</testsuite> <!-- Default test -->
